2023-05-19 11:02:10.476629 : Start.
-----------------------------------------------------------------
2023-05-19 11:02:10.515385 : Procedure for Gaia16aua started.
-----------------------------------------------------------------
2023-05-19 11:02:10.515527 : Gaia16aua: Event crated.
2023-05-19 11:02:22.292813 : Gaia16aua: Gaia data added.
2023-05-19 11:02:23.149193 : Gaia16aua: OGLE Mroz data added.
2023-05-19 11:02:32.917532 : Gaia16aua : Setting up MCMC.
2023-05-19 11:02:32.951767 : Gaia16aua : MCMC start.
2023-05-19 11:03:56.883432 : Gaia16aua : MCMC end, fitting took 83.93 seconds.
2023-05-19 11:04:32.776675 : Procedure for Gaia16aua ended.
-----------------------------------------------------------------
-----------------------------------------------------------------
2023-05-19 11:04:32.776767 : Procedure for Gaia16aye started.
-----------------------------------------------------------------
2023-05-19 11:04:32.776783 : Gaia16aye : Target has way too much follow-up data.
2023-05-19 11:04:32.776786 : Procedure for Gaia16aye ended.
-----------------------------------------------------------------
-----------------------------------------------------------------
2023-05-19 11:04:32.776801 : Procedure for Gaia16bnn started.
-----------------------------------------------------------------
2023-05-19 11:04:32.776868 : Gaia16bnn: Event crated.
2023-05-19 11:04:39.540146 : Gaia16bnn: Gaia data added.
2023-05-19 11:04:44.766052 : Gaia16bnn : Setting up MCMC.
2023-05-19 11:04:44.806665 : Gaia16bnn : MCMC start.
2023-05-19 11:05:39.141219 : Gaia16bnn : MCMC end, fitting took 54.33 seconds.
2023-05-19 11:05:58.582083 : Procedure for Gaia16bnn ended.
-----------------------------------------------------------------
-----------------------------------------------------------------
2023-05-19 11:05:58.582163 : Procedure for Gaia17ahl started.
-----------------------------------------------------------------
2023-05-19 11:05:58.582235 : Gaia17ahl: Event crated.
2023-05-19 11:06:05.757478 : Gaia17ahl: Gaia data added.
2023-05-19 11:06:10.471719 : Gaia17ahl : Setting up MCMC.
2023-05-19 11:06:10.505754 : Gaia17ahl : MCMC start.
2023-05-19 11:06:56.535492 : Gaia17ahl : MCMC end, fitting took 46.03 seconds.
2023-05-19 11:07:15.307123 : Procedure for Gaia17ahl ended.
-----------------------------------------------------------------
-----------------------------------------------------------------
2023-05-19 11:07:15.307203 : Procedure for Gaia17ajg started.
-----------------------------------------------------------------
2023-05-19 11:07:15.307219 : Gaia17ajg : Target within KMTNet exclusion zone.
2023-05-19 11:07:15.307222 : Procedure for Gaia17ajg ended.
-----------------------------------------------------------------
-----------------------------------------------------------------
2023-05-19 11:07:15.307236 : Procedure for Gaia17aqu started.
-----------------------------------------------------------------
2023-05-19 11:07:15.307302 : Gaia17aqu: Event crated.
2023-05-19 11:07:27.459571 : Gaia17aqu: Gaia data added.
2023-05-19 11:07:27.487760 : Gaia17aqu: OGLE Mroz data added.
2023-05-19 11:07:33.097979 : Gaia17aqu : Setting up MCMC.
2023-05-19 11:07:33.139949 : Gaia17aqu : MCMC start.
2023-05-19 11:08:48.639058 : Gaia17aqu : MCMC end, fitting took 75.50 seconds.
2023-05-19 11:09:17.676925 : Procedure for Gaia17aqu ended.
-----------------------------------------------------------------
-----------------------------------------------------------------
2023-05-19 11:09:17.677005 : Procedure for Gaia17bbi started.
-----------------------------------------------------------------
2023-05-19 11:09:17.677075 : Gaia17bbi: Event crated.
2023-05-19 11:09:29.002686 : Gaia17bbi: Gaia data added.
2023-05-19 11:09:29.028358 : Gaia17bbi: ZTF DR data in band g added.
2023-05-19 11:09:29.096570 : Gaia17bbi: ZTF DR data in band r added.
2023-05-19 11:09:34.560465 : Gaia17bbi : Setting up MCMC.
2023-05-19 11:09:34.603560 : Gaia17bbi : MCMC start.
2023-05-19 11:11:14.266421 : Gaia17bbi : MCMC end, fitting took 99.66 seconds.
2023-05-19 11:11:56.780050 : Procedure for Gaia17bbi ended.
-----------------------------------------------------------------
-----------------------------------------------------------------
2023-05-19 11:11:56.780136 : Procedure for Gaia17bbs started.
-----------------------------------------------------------------
2023-05-19 11:11:56.780152 : Gaia17bbs : Target within KMTNet exclusion zone.
2023-05-19 11:11:56.780154 : Procedure for Gaia17bbs ended.
-----------------------------------------------------------------
-----------------------------------------------------------------
2023-05-19 11:11:56.780168 : Procedure for Gaia17bdk started.
-----------------------------------------------------------------
2023-05-19 11:11:56.780176 : Gaia17bdk : Target within KMTNet exclusion zone.
2023-05-19 11:11:56.780179 : Procedure for Gaia17bdk ended.
-----------------------------------------------------------------
-----------------------------------------------------------------
2023-05-19 11:11:56.780192 : Procedure for Gaia17bej started.
-----------------------------------------------------------------
2023-05-19 11:11:56.780199 : Gaia17bej : Target within KMTNet exclusion zone.
2023-05-19 11:11:56.780201 : Procedure for Gaia17bej ended.
-----------------------------------------------------------------
-----------------------------------------------------------------
2023-05-19 11:11:56.780213 : Procedure for Gaia17bts started.
-----------------------------------------------------------------
2023-05-19 11:11:56.780279 : Gaia17bts: Event crated.
2023-05-19 11:12:09.216670 : Gaia17bts: Gaia data added.
2023-05-19 11:12:09.268643 : Gaia17bts: ZTF DR data in band g added.
2023-05-19 11:12:09.318015 : Gaia17bts: ZTF DR data in band r added.
2023-05-19 11:12:15.379253 : Gaia17bts : Setting up MCMC.
2023-05-19 11:12:15.425417 : Gaia17bts : MCMC start.
2023-05-19 11:13:57.076757 : Gaia17bts : MCMC end, fitting took 101.65 seconds.
2023-05-19 11:14:40.449476 : Procedure for Gaia17bts ended.
-----------------------------------------------------------------
-----------------------------------------------------------------
2023-05-19 11:14:40.449605 : Procedure for Gaia17byk started.
-----------------------------------------------------------------
2023-05-19 11:14:40.449681 : Gaia17byk: Event crated.
2023-05-19 11:14:51.850325 : Gaia17byk: Gaia data added.
2023-05-19 11:14:56.662226 : Gaia17byk : Setting up MCMC.
2023-05-19 11:14:56.712166 : Gaia17byk : MCMC start.
2023-05-19 11:15:43.198388 : Gaia17byk : MCMC end, fitting took 46.49 seconds.
2023-05-19 11:16:01.668301 : Procedure for Gaia17byk ended.
-----------------------------------------------------------------
-----------------------------------------------------------------
2023-05-19 11:16:01.668430 : Procedure for Gaia17bzb started.
-----------------------------------------------------------------
2023-05-19 11:16:01.668449 : Gaia17bzb : Target within KMTNet exclusion zone.
2023-05-19 11:16:01.668451 : Procedure for Gaia17bzb ended.
-----------------------------------------------------------------
-----------------------------------------------------------------
2023-05-19 11:16:01.668465 : Procedure for Gaia17bzc started.
-----------------------------------------------------------------
2023-05-19 11:16:01.668472 : Gaia17bzc : Target within KMTNet exclusion zone.
2023-05-19 11:16:01.668475 : Procedure for Gaia17bzc ended.
-----------------------------------------------------------------
-----------------------------------------------------------------
2023-05-19 11:16:01.668486 : Procedure for Gaia17cab started.
-----------------------------------------------------------------
2023-05-19 11:16:01.668493 : Gaia17cab : Target within KMTNet exclusion zone.
2023-05-19 11:16:01.668495 : Procedure for Gaia17cab ended.
-----------------------------------------------------------------
-----------------------------------------------------------------
2023-05-19 11:16:01.668507 : Procedure for Gaia17cad started.
-----------------------------------------------------------------
2023-05-19 11:16:01.668513 : Gaia17cad : Target within KMTNet exclusion zone.
2023-05-19 11:16:01.668571 : Procedure for Gaia17cad ended.
-----------------------------------------------------------------
-----------------------------------------------------------------
2023-05-19 11:16:01.668610 : Procedure for Gaia17cah started.
-----------------------------------------------------------------
2023-05-19 11:16:01.668620 : Gaia17cah : Target within KMTNet exclusion zone.
2023-05-19 11:16:01.668638 : Procedure for Gaia17cah ended.
-----------------------------------------------------------------
-----------------------------------------------------------------
2023-05-19 11:16:01.668650 : Procedure for Gaia17cbm started.
-----------------------------------------------------------------
2023-05-19 11:16:01.668753 : Gaia17cbm: Event crated.
2023-05-19 11:16:12.862600 : Gaia17cbm: Gaia data added.
2023-05-19 11:16:12.887062 : Gaia17cbm: OGLE Mroz data added.
2023-05-19 11:16:17.862999 : Gaia17cbm : Setting up MCMC.
2023-05-19 11:16:17.915528 : Gaia17cbm : MCMC start.
2023-05-19 11:17:28.359157 : Gaia17cbm : MCMC end, fitting took 70.44 seconds.
2023-05-19 11:17:56.732696 : Procedure for Gaia17cbm ended.
-----------------------------------------------------------------
-----------------------------------------------------------------
2023-05-19 11:17:56.732775 : Procedure for Gaia17ccb started.
-----------------------------------------------------------------
2023-05-19 11:17:56.732790 : Gaia17ccb : Target within KMTNet exclusion zone.
2023-05-19 11:17:56.732793 : Procedure for Gaia17ccb ended.
-----------------------------------------------------------------
-----------------------------------------------------------------
2023-05-19 11:17:56.732806 : Procedure for Gaia17ccl started.
-----------------------------------------------------------------
2023-05-19 11:17:56.732868 : Gaia17ccl: Event crated.
2023-05-19 11:18:08.573401 : Gaia17ccl: Gaia data added.
2023-05-19 11:18:08.641389 : Gaia17ccl: ZTF DR data in band r added.
2023-05-19 11:18:14.075211 : Gaia17ccl : Setting up MCMC.
2023-05-19 11:18:14.131382 : Gaia17ccl : MCMC start.
2023-05-19 11:19:28.941840 : Gaia17ccl : MCMC end, fitting took 74.81 seconds.
2023-05-19 11:20:00.682748 : Procedure for Gaia17ccl ended.
-----------------------------------------------------------------
